ahaHaH/manifest-merger-signedrelease-release-report.txt
-- Merging decision tree log ---
manifest
ADDED from AndroidManifest.xml:2:1
	xmlns:tools
		ADDED from AndroidManifest.xml:3:5
	xmlns:android
		ADDED from AndroidManifest.xml:2:11
	package
		ADDED from AndroidManifest.xml:4:5
		INJECTED from AndroidManifest.xml:0:0
		INJECTED from AndroidManifest.xml:0:0
	android:versionName
		ADDED from AndroidManifest.xml:6:5
	android:versionCode
		ADDED from AndroidManifest.xml:5:5
		INJECTED from AndroidManifest.xml:0:0
		INJECTED from AndroidManifest.xml:0:0
uses-feature#android.hardware.camera
ADDED from AndroidManifest.xml:8:5
	android:name
		ADDED from AndroidManifest.xml:8:19
uses-permission#android.permission.WRITE_EXTERNAL_STORAGE
ADDED from AndroidManifest.xml:9:5
	android:name
		ADDED from AndroidManifest.xml:9:22
uses-permission#android.permission.READ_EXTERNAL_STORAGE
ADDED from AndroidManifest.xml:10:5
	android:name
		ADDED from AndroidManifest.xml:10:22
uses-permission#android.permission.INTERNET
ADDED from AndroidManifest.xml:11:5
	android:name
		ADDED from AndroidManifest.xml:11:22
uses-sdk
ADDED from AndroidManifest.xml:16:5
MERGED from AhaHaH:colorPickerView:unspecified:22:5
MERGED from com.android.support:appcompat-v7:21.0.3:15:5
MERGED from com.android.support:support-v4:21.0.3:15:5
	android:targetSdkVersion
		ADDED from AndroidManifest.xml:18:9
		INJECTED from AndroidManifest.xml:0:0
		INJECTED from AndroidManifest.xml:0:0
	android:minSdkVersion
		ADDED from AndroidManifest.xml:17:9
		INJECTED from AndroidManifest.xml:0:0
		INJECTED from AndroidManifest.xml:0:0
supports-screens
ADDED from AndroidManifest.xml:20:5
	android:largeScreens
		ADDED from AndroidManifest.xml:23:9
	android:normalScreens
		ADDED from AndroidManifest.xml:22:9
	android:xlargeScreens
		ADDED from AndroidManifest.xml:24:9
	android:smallScreens
		ADDED from AndroidManifest.xml:21:9
compatible-screens
ADDED from AndroidManifest.xml:26:5
screen#large+480
ADDED from AndroidManifest.xml:28:9
	android:screenSize
		ADDED from AndroidManifest.xml:28:17
	android:screenDensity
		ADDED from AndroidManifest.xml:28:44
screen#xlarge+480
ADDED from AndroidManifest.xml:29:9
	android:screenSize
		ADDED from AndroidManifest.xml:29:17
	android:screenDensity
		ADDED from AndroidManifest.xml:29:45
screen#large+ldpi
ADDED from AndroidManifest.xml:30:9
	android:screenSize
		ADDED from AndroidManifest.xml:30:17
	android:screenDensity
		ADDED from AndroidManifest.xml:30:44
screen#large+mdpi
ADDED from AndroidManifest.xml:31:9
	android:screenSize
		ADDED from AndroidManifest.xml:31:17
	android:screenDensity
		ADDED from AndroidManifest.xml:31:44
screen#large+hdpi
ADDED from AndroidManifest.xml:32:9
	android:screenSize
		ADDED from AndroidManifest.xml:32:17
	android:screenDensity
		ADDED from AndroidManifest.xml:32:44
screen#large+xhdpi
ADDED from AndroidManifest.xml:33:9
	android:screenSize
		ADDED from AndroidManifest.xml:33:17
	android:screenDensity
		ADDED from AndroidManifest.xml:33:44
screen#xlarge+ldpi
ADDED from AndroidManifest.xml:34:9
	android:screenSize
		ADDED from AndroidManifest.xml:34:17
	android:screenDensity
		ADDED from AndroidManifest.xml:34:45
screen#xlarge+mdpi
ADDED from AndroidManifest.xml:35:9
	android:screenSize
		ADDED from AndroidManifest.xml:35:17
	android:screenDensity
		ADDED from AndroidManifest.xml:35:45
screen#xlarge+hdpi
ADDED from AndroidManifest.xml:36:9
	android:screenSize
		ADDED from AndroidManifest.xml:36:17
	android:screenDensity
		ADDED from AndroidManifest.xml:36:45
screen#xlarge+xhdpi
ADDED from AndroidManifest.xml:37:9
	android:screenSize
		ADDED from AndroidManifest.xml:37:17
	android:screenDensity
		ADDED from AndroidManifest.xml:37:45
screen#large+213
ADDED from AndroidManifest.xml:39:9
	android:screenSize
		ADDED from AndroidManifest.xml:39:17
	android:screenDensity
		ADDED from AndroidManifest.xml:39:44
application
ADDED from AndroidManifest.xml:48:5
MERGED from AhaHaH:colorPickerView:unspecified:26:5
MERGED from com.android.support:appcompat-v7:21.0.3:16:5
MERGED from com.android.support:support-v4:21.0.3:16:5
	android:label
		ADDED from AndroidManifest.xml:51:9
		REJECTED from AhaHaH:colorPickerView:unspecified:28:9
	android:allowBackup
		ADDED from AndroidManifest.xml:49:9
	android:icon
		ADDED from AndroidManifest.xml:50:9
		REJECTED from AhaHaH:colorPickerView:unspecified:27:9
	android:theme
		ADDED from AndroidManifest.xml:52:9
	tools:replace
		ADDED from AndroidManifest.xml:48:18
activity#com.adaptivehandyapps.activity.AhaHahActivity
ADDED from AndroidManifest.xml:53:9
	android:screenOrientation
		ADDED from AndroidManifest.xml:55:13
	android:label
		ADDED from AndroidManifest.xml:56:13
	android:name
		ADDED from AndroidManifest.xml:54:13
intent-filter#android.intent.action.MAIN+android.intent.category.LAUNCHER
ADDED from AndroidManifest.xml:57:13
action#android.intent.action.MAIN
ADDED from AndroidManifest.xml:58:17
	android:name
		ADDED from AndroidManifest.xml:58:25
category#android.intent.category.LAUNCHER
ADDED from AndroidManifest.xml:60:17
	android:name
		ADDED from AndroidManifest.xml:60:27
activity#com.adaptivehandyapps.activity.CameraActivity
ADDED from AndroidManifest.xml:64:9
	android:screenOrientation
		ADDED from AndroidManifest.xml:66:13
	android:label
		ADDED from AndroidManifest.xml:67:13
	android:parentActivityName
		ADDED from AndroidManifest.xml:68:13
	android:name
		ADDED from AndroidManifest.xml:65:13
meta-data#android.support.PARENT_ACTIVITY
ADDED from AndroidManifest.xml:69:13
	android:name
		ADDED from AndroidManifest.xml:70:17
	android:value
		ADDED from AndroidManifest.xml:71:17
activity#com.adaptivehandyapps.activity.GalleryActivity
ADDED from AndroidManifest.xml:74:9
	android:screenOrientation
		ADDED from AndroidManifest.xml:76:13
	android:label
		ADDED from AndroidManifest.xml:77:13
	android:parentActivityName
		ADDED from AndroidManifest.xml:78:4
	android:name
		ADDED from AndroidManifest.xml:75:13
activity#com.adaptivehandyapps.gallery.GalleryDetailActivity
ADDED from AndroidManifest.xml:83:9
	android:screenOrientation
		ADDED from AndroidManifest.xml:85:13
	android:label
		ADDED from AndroidManifest.xml:86:13
	android:parentActivityName
		ADDED from AndroidManifest.xml:87:13
	android:name
		ADDED from AndroidManifest.xml:84:13
activity#com.adaptivehandyapps.activity.SketchActivity
ADDED from AndroidManifest.xml:93:9
	android:screenOrientation
		ADDED from AndroidManifest.xml:95:13
	android:label
		ADDED from AndroidManifest.xml:96:13
	android:parentActivityName
		ADDED from AndroidManifest.xml:97:13
	android:name
		ADDED from AndroidManifest.xml:94:13